app/build/intermediates/manifest_merge_blame_file/debug/processDebugMainManifest/manifest-merger-blame-debug-report.txt
1<?xml version="1.0" encoding="utf-8"?>
2<manifest xmlns:android="http://schemas.android.com/apk/res/android"
3    package="com.example.nootbook"
4    android:versionCode="1"
5    android:versionName="1.0" >
6
7    <uses-sdk
8        android:minSdkVersion="24"
9        android:targetSdkVersion="34" />
10
11    <uses-feature
11-->src\main\AndroidManifest.xml:5:5-7:36
12        android:name="android.hardware.camera"
12-->src\main\AndroidManifest.xml:6:9-47
13        android:required="false" />
13-->src\main\AndroidManifest.xml:7:9-33
14
15    <uses-permission
15-->src\main\AndroidManifest.xml:9:5-10:38
16        android:name="android.permission.READ_EXTERNAL_STORAGE"
16-->src\main\AndroidManifest.xml:9:22-77
17        android:maxSdkVersion="32" />
17-->src\main\AndroidManifest.xml:10:9-35
18    <uses-permission
18-->src\main\AndroidManifest.xml:11:5-13:40
19        android:name="android.permission.WRITE_EXTERNAL_STORAGE"
19-->src\main\AndroidManifest.xml:11:22-78
20        android:maxSdkVersion="32" />
20-->src\main\AndroidManifest.xml:12:9-35
21    <uses-permission android:name="android.permission.READ_MEDIA_IMAGES" />
21-->src\main\AndroidManifest.xml:14:5-76
21-->src\main\AndroidManifest.xml:14:22-73
22    <uses-permission android:name="android.permission.READ_MEDIA_AUDIO" />
22-->src\main\AndroidManifest.xml:15:5-75
22-->src\main\AndroidManifest.xml:15:22-72
23    <uses-permission android:name="android.permission.READ_MEDIA_VIDEO" />
23-->src\main\AndroidManifest.xml:16:5-75
23-->src\main\AndroidManifest.xml:16:22-72
24    <uses-permission android:name="android.permission.RECORD_AUDIO" />
24-->src\main\AndroidManifest.xml:17:5-70
24-->src\main\AndroidManifest.xml:17:22-68
25    <uses-permission android:name="android.permission.CAMERA" />
25-->src\main\AndroidManifest.xml:18:5-64
25-->src\main\AndroidManifest.xml:18:22-62
26
27    <!-- Although the *SdkVersion is captured in gradle build files, this is required for non gradle builds -->
28    <!-- <uses-sdk android:minSdkVersion="21"/> -->
29    <uses-permission android:name="android.permission.ACCESS_NETWORK_STATE" />
29-->[com.google.firebase:firebase-storage:21.0.0] AndroidManifest.xml:23:5-79
29-->[com.google.firebase:firebase-storage:21.0.0] AndroidManifest.xml:23:22-76
30    <uses-permission android:name="android.permission.INTERNET" />
30-->[com.google.firebase:firebase-storage:21.0.0] AndroidManifest.xml:24:5-67
30-->[com.google.firebase:firebase-storage:21.0.0] AndroidManifest.xml:24:22-64
31    <uses-permission android:name="android.permission.WAKE_LOCK" />
31-->[com.google.android.gms:play-services-measurement-api:22.0.1] AndroidManifest.xml:24:5-68
31-->[com.google.android.gms:play-services-measurement-api:22.0.1] AndroidManifest.xml:24:22-65
32    <uses-permission android:name="com.google.android.gms.permission.AD_ID" />
32-->[com.google.android.gms:play-services-measurement-api:22.0.1] AndroidManifest.xml:25:5-79
32-->[com.google.android.gms:play-services-measurement-api:22.0.1] AndroidManifest.xml:25:22-76
33    <uses-permission android:name="android.permission.ACCESS_ADSERVICES_ATTRIBUTION" />
33-->[com.google.android.gms:play-services-measurement-api:22.0.1] AndroidManifest.xml:26:5-88
33-->[com.google.android.gms:play-services-measurement-api:22.0.1] AndroidManifest.xml:26:22-85
34    <uses-permission android:name="android.permission.ACCESS_ADSERVICES_AD_ID" />
34-->[com.google.android.gms:play-services-measurement-api:22.0.1] AndroidManifest.xml:27:5-82
34-->[com.google.android.gms:play-services-measurement-api:22.0.1] AndroidManifest.xml:27:22-79
35    <uses-permission android:name="com.google.android.finsky.permission.BIND_GET_INSTALL_REFERRER_SERVICE" />
35-->[com.google.android.gms:play-services-measurement:22.0.1] AndroidManifest.xml:26:5-110
35-->[com.google.android.gms:play-services-measurement:22.0.1] AndroidManifest.xml:26:22-107
36    <uses-permission android:name="com.google.android.providers.gsf.permission.READ_GSERVICES" />
36-->[com.google.android.recaptcha:recaptcha:18.4.0] AndroidManifest.xml:9:5-98
36-->[com.google.android.recaptcha:recaptcha:18.4.0] AndroidManifest.xml:9:22-95
37
38    <permission
38-->[androidx.core:core:1.9.0] AndroidManifest.xml:22:5-24:47
39        android:name="com.example.nootbook.DYNAMIC_RECEIVER_NOT_EXPORTED_PERMISSION"
39-->[androidx.core:core:1.9.0] AndroidManifest.xml:23:9-81
40        android:protectionLevel="signature" />
40-->[androidx.core:core:1.9.0] AndroidManifest.xml:24:9-44
41
42    <uses-permission android:name="com.example.nootbook.DYNAMIC_RECEIVER_NOT_EXPORTED_PERMISSION" />
42-->[androidx.core:core:1.9.0] AndroidManifest.xml:26:5-97
42-->[androidx.core:core:1.9.0] AndroidManifest.xml:26:22-94
43
44    <application
44-->src\main\AndroidManifest.xml:20:5-45:19
45        android:allowBackup="true"
45-->src\main\AndroidManifest.xml:21:9-35
46        android:appComponentFactory="androidx.core.app.CoreComponentFactory"
46-->[androidx.core:core:1.9.0] AndroidManifest.xml:28:18-86
47        android:dataExtractionRules="@xml/data_extraction_rules"
47-->src\main\AndroidManifest.xml:22:9-65
48        android:debuggable="true"
49        android:extractNativeLibs="false"
50        android:fullBackupContent="@xml/backup_rules"
50-->src\main\AndroidManifest.xml:23:9-54
51        android:icon="@mipmap/ic_launcher"
51-->src\main\AndroidManifest.xml:24:9-43
52        android:label="@string/app_name"
52-->src\main\AndroidManifest.xml:25:9-41
53        android:roundIcon="@mipmap/ic_launcher_round"
53-->src\main\AndroidManifest.xml:26:9-54
54        android:supportsRtl="true"
54-->src\main\AndroidManifest.xml:27:9-35
55        android:testOnly="true"
56        android:theme="@style/Theme.NootBook" >
56-->src\main\AndroidManifest.xml:28:9-46
57        <activity
57-->src\main\AndroidManifest.xml:30:9-32:39
58            android:name="com.example.nootbook.RegesOrLogIn"
58-->src\main\AndroidManifest.xml:31:13-41
59            android:exported="false" />
59-->src\main\AndroidManifest.xml:32:13-37
60        <activity
60-->src\main\AndroidManifest.xml:33:9-35:39
61            android:name="com.example.nootbook.EditNote"
61-->src\main\AndroidManifest.xml:34:13-37
62            android:exported="false" />
62-->src\main\AndroidManifest.xml:35:13-37
63        <activity
63-->src\main\AndroidManifest.xml:36:9-44:20
64            android:name="com.example.nootbook.MainActivity"
64-->src\main\AndroidManifest.xml:37:13-41
65            android:exported="true" >
65-->src\main\AndroidManifest.xml:38:13-36
66            <intent-filter>
66-->src\main\AndroidManifest.xml:39:13-43:29
67                <action android:name="android.intent.action.MAIN" />
67-->src\main\AndroidManifest.xml:40:17-69
67-->src\main\AndroidManifest.xml:40:25-66
68
69                <category android:name="android.intent.category.LAUNCHER" />
69-->src\main\AndroidManifest.xml:42:17-77
69-->src\main\AndroidManifest.xml:42:27-74
70            </intent-filter>
71        </activity>
72
73        <service
73-->[com.google.firebase:firebase-storage-ktx:21.0.0] AndroidManifest.xml:9:9-15:19
74            android:name="com.google.firebase.components.ComponentDiscoveryService"
74-->[com.google.firebase:firebase-storage-ktx:21.0.0] AndroidManifest.xml:10:13-84
75            android:directBootAware="true"
75-->[com.google.firebase:firebase-common:21.0.0] AndroidManifest.xml:32:13-43
76            android:exported="false" >
76-->[com.google.firebase:firebase-storage-ktx:21.0.0] AndroidManifest.xml:11:13-37
77            <meta-data
77-->[com.google.firebase:firebase-storage-ktx:21.0.0] AndroidManifest.xml:12:13-14:85
78                android:name="com.google.firebase.components:com.google.firebase.storage.ktx.FirebaseStorageLegacyRegistrar"
78-->[com.google.firebase:firebase-storage-ktx:21.0.0] AndroidManifest.xml:13:17-125
79                android:value="com.google.firebase.components.ComponentRegistrar" />
79-->[com.google.firebase:firebase-storage-ktx:21.0.0] AndroidManifest.xml:14:17-82
80            <meta-data
80-->[com.google.firebase:firebase-firestore-ktx:25.0.0] AndroidManifest.xml:12:13-14:85
81                android:name="com.google.firebase.components:com.google.firebase.firestore.ktx.FirebaseFirestoreLegacyRegistrar"
81-->[com.google.firebase:firebase-firestore-ktx:25.0.0] AndroidManifest.xml:13:17-129
82                android:value="com.google.firebase.components.ComponentRegistrar" />
82-->[com.google.firebase:firebase-firestore-ktx:25.0.0] AndroidManifest.xml:14:17-82
83            <meta-data
83-->[com.google.firebase:firebase-auth-ktx:23.0.0] AndroidManifest.xml:11:13-13:85
84                android:name="com.google.firebase.components:com.google.firebase.auth.ktx.FirebaseAuthLegacyRegistrar"
84-->[com.google.firebase:firebase-auth-ktx:23.0.0] AndroidManifest.xml:12:17-119
85                android:value="com.google.firebase.components.ComponentRegistrar" />
85-->[com.google.firebase:firebase-auth-ktx:23.0.0] AndroidManifest.xml:13:17-82
86            <meta-data
86-->[com.google.firebase:firebase-storage:21.0.0] AndroidManifest.xml:30:13-32:85
87                android:name="com.google.firebase.components:com.google.firebase.storage.FirebaseStorageKtxRegistrar"
87-->[com.google.firebase:firebase-storage:21.0.0] AndroidManifest.xml:31:17-118
88                android:value="com.google.firebase.components.ComponentRegistrar" />
88-->[com.google.firebase:firebase-storage:21.0.0] AndroidManifest.xml:32:17-82
89            <meta-data
89-->[com.google.firebase:firebase-storage:21.0.0] AndroidManifest.xml:33:13-35:85
90                android:name="com.google.firebase.components:com.google.firebase.storage.StorageRegistrar"
90-->[com.google.firebase:firebase-storage:21.0.0] AndroidManifest.xml:34:17-107
91                android:value="com.google.firebase.components.ComponentRegistrar" />
91-->[com.google.firebase:firebase-storage:21.0.0] AndroidManifest.xml:35:17-82
92            <meta-data
92-->[com.google.android.gms:play-services-measurement-api:22.0.1] AndroidManifest.xml:37:13-39:85
93                android:name="com.google.firebase.components:com.google.firebase.analytics.connector.internal.AnalyticsConnectorRegistrar"
93-->[com.google.android.gms:play-services-measurement-api:22.0.1] AndroidManifest.xml:38:17-139
94                android:value="com.google.firebase.components.ComponentRegistrar" />
94-->[com.google.android.gms:play-services-measurement-api:22.0.1] AndroidManifest.xml:39:17-82
95            <meta-data
95-->[com.google.firebase:firebase-firestore:25.0.0] AndroidManifest.xml:17:13-19:85
96                android:name="com.google.firebase.components:com.google.firebase.firestore.FirebaseFirestoreKtxRegistrar"
96-->[com.google.firebase:firebase-firestore:25.0.0] AndroidManifest.xml:18:17-122
97                android:value="com.google.firebase.components.ComponentRegistrar" />
97-->[com.google.firebase:firebase-firestore:25.0.0] AndroidManifest.xml:19:17-82
98            <meta-data
98-->[com.google.firebase:firebase-firestore:25.0.0] AndroidManifest.xml:20:13-22:85
99                android:name="com.google.firebase.components:com.google.firebase.firestore.FirestoreRegistrar"
99-->[com.google.firebase:firebase-firestore:25.0.0] AndroidManifest.xml:21:17-111
100                android:value="com.google.firebase.components.ComponentRegistrar" />
100-->[com.google.firebase:firebase-firestore:25.0.0] AndroidManifest.xml:22:17-82
101            <meta-data
101-->[com.google.firebase:firebase-auth:23.0.0] AndroidManifest.xml:69:13-71:85
102                android:name="com.google.firebase.components:com.google.firebase.auth.FirebaseAuthRegistrar"
102-->[com.google.firebase:firebase-auth:23.0.0] AndroidManifest.xml:70:17-109
103                android:value="com.google.firebase.components.ComponentRegistrar" />
103-->[com.google.firebase:firebase-auth:23.0.0] AndroidManifest.xml:71:17-82
104            <meta-data
104-->[com.google.firebase:firebase-appcheck:18.0.0] AndroidManifest.xml:25:13-27:85
105                android:name="com.google.firebase.components:com.google.firebase.appcheck.FirebaseAppCheckKtxRegistrar"
105-->[com.google.firebase:firebase-appcheck:18.0.0] AndroidManifest.xml:26:17-120
106                android:value="com.google.firebase.components.ComponentRegistrar" />
106-->[com.google.firebase:firebase-appcheck:18.0.0] AndroidManifest.xml:27:17-82
107            <meta-data
107-->[com.google.firebase:firebase-appcheck:18.0.0] AndroidManifest.xml:28:13-30:85
108                android:name="com.google.firebase.components:com.google.firebase.appcheck.FirebaseAppCheckRegistrar"
108-->[com.google.firebase:firebase-appcheck:18.0.0] AndroidManifest.xml:29:17-117
109                android:value="com.google.firebase.components.ComponentRegistrar" />
109-->[com.google.firebase:firebase-appcheck:18.0.0] AndroidManifest.xml:30:17-82
110            <meta-data
110-->[com.google.firebase:firebase-installations:18.0.0] AndroidManifest.xml:15:13-17:85
111                android:name="com.google.firebase.components:com.google.firebase.installations.FirebaseInstallationsKtxRegistrar"
111-->[com.google.firebase:firebase-installations:18.0.0] AndroidManifest.xml:16:17-130
112                android:value="com.google.firebase.components.ComponentRegistrar" />
112-->[com.google.firebase:firebase-installations:18.0.0] AndroidManifest.xml:17:17-82
113            <meta-data
113-->[com.google.firebase:firebase-installations:18.0.0] AndroidManifest.xml:18:13-20:85
114                android:name="com.google.firebase.components:com.google.firebase.installations.FirebaseInstallationsRegistrar"
114-->[com.google.firebase:firebase-installations:18.0.0] AndroidManifest.xml:19:17-127
115                android:value="com.google.firebase.components.ComponentRegistrar" />
115-->[com.google.firebase:firebase-installations:18.0.0] AndroidManifest.xml:20:17-82
116            <meta-data
116-->[com.google.firebase:firebase-common-ktx:21.0.0] AndroidManifest.xml:12:13-14:85
117                android:name="com.google.firebase.components:com.google.firebase.ktx.FirebaseCommonLegacyRegistrar"
117-->[com.google.firebase:firebase-common-ktx:21.0.0] AndroidManifest.xml:13:17-116
118                android:value="com.google.firebase.components.ComponentRegistrar" />
118-->[com.google.firebase:firebase-common-ktx:21.0.0] AndroidManifest.xml:14:17-82
119            <meta-data
119-->[com.google.firebase:firebase-common:21.0.0] AndroidManifest.xml:35:13-37:85
120                android:name="com.google.firebase.components:com.google.firebase.FirebaseCommonKtxRegistrar"
120-->[com.google.firebase:firebase-common:21.0.0] AndroidManifest.xml:36:17-109
121                android:value="com.google.firebase.components.ComponentRegistrar" />
121-->[com.google.firebase:firebase-common:21.0.0] AndroidManifest.xml:37:17-82
122        </service>
123
124        <property
124-->[com.google.android.gms:play-services-measurement-api:22.0.1] AndroidManifest.xml:30:9-32:61
125            android:name="android.adservices.AD_SERVICES_CONFIG"
125-->[com.google.android.gms:play-services-measurement-api:22.0.1] AndroidManifest.xml:31:13-65
126            android:resource="@xml/ga_ad_services_config" />
126-->[com.google.android.gms:play-services-measurement-api:22.0.1] AndroidManifest.xml:32:13-58
127
128        <activity
128-->[com.google.firebase:firebase-auth:23.0.0] AndroidManifest.xml:29:9-46:20
129            android:name="com.google.firebase.auth.internal.GenericIdpActivity"
129-->[com.google.firebase:firebase-auth:23.0.0] AndroidManifest.xml:30:13-80
130            android:excludeFromRecents="true"
130-->[com.google.firebase:firebase-auth:23.0.0] AndroidManifest.xml:31:13-46
131            android:exported="true"
131-->[com.google.firebase:firebase-auth:23.0.0] AndroidManifest.xml:32:13-36
132            android:launchMode="singleTask"
132-->[com.google.firebase:firebase-auth:23.0.0] AndroidManifest.xml:33:13-44
133            android:theme="@android:style/Theme.Translucent.NoTitleBar" >
133-->[com.google.firebase:firebase-auth:23.0.0] AndroidManifest.xml:34:13-72
134            <intent-filter>
134-->[com.google.firebase:firebase-auth:23.0.0] AndroidManifest.xml:35:13-45:29
135                <action android:name="android.intent.action.VIEW" />
135-->[com.google.firebase:firebase-auth:23.0.0] AndroidManifest.xml:36:17-69
135-->[com.google.firebase:firebase-auth:23.0.0] AndroidManifest.xml:36:25-66
136
137                <category android:name="android.intent.category.DEFAULT" />
137-->[com.google.firebase:firebase-auth:23.0.0] AndroidManifest.xml:38:17-76
137-->[com.google.firebase:firebase-auth:23.0.0] AndroidManifest.xml:38:27-73
138                <category android:name="android.intent.category.BROWSABLE" />
138-->[com.google.firebase:firebase-auth:23.0.0] AndroidManifest.xml:39:17-78
138-->[com.google.firebase:firebase-auth:23.0.0] AndroidManifest.xml:39:27-75
139
140                <data
140-->[com.google.firebase:firebase-auth:23.0.0] AndroidManifest.xml:41:17-44:51
141                    android:host="firebase.auth"
141-->[com.google.firebase:firebase-auth:23.0.0] AndroidManifest.xml:42:21-49
142                    android:path="/"
142-->[com.google.firebase:firebase-auth:23.0.0] AndroidManifest.xml:43:21-37
143                    android:scheme="genericidp" />
143-->[com.google.firebase:firebase-auth:23.0.0] AndroidManifest.xml:44:21-48
144            </intent-filter>
145        </activity>
146        <activity
146-->[com.google.firebase:firebase-auth:23.0.0] AndroidManifest.xml:47:9-64:20
147            android:name="com.google.firebase.auth.internal.RecaptchaActivity"
147-->[com.google.firebase:firebase-auth:23.0.0] AndroidManifest.xml:48:13-79
148            android:excludeFromRecents="true"
148-->[com.google.firebase:firebase-auth:23.0.0] AndroidManifest.xml:49:13-46
149            android:exported="true"
149-->[com.google.firebase:firebase-auth:23.0.0] AndroidManifest.xml:50:13-36
150            android:launchMode="singleTask"
150-->[com.google.firebase:firebase-auth:23.0.0] AndroidManifest.xml:51:13-44
151            android:theme="@android:style/Theme.Translucent.NoTitleBar" >
151-->[com.google.firebase:firebase-auth:23.0.0] AndroidManifest.xml:52:13-72
152            <intent-filter>
152-->[com.google.firebase:firebase-auth:23.0.0] AndroidManifest.xml:53:13-63:29
153                <action android:name="android.intent.action.VIEW" />
153-->[com.google.firebase:firebase-auth:23.0.0] AndroidManifest.xml:36:17-69
153-->[com.google.firebase:firebase-auth:23.0.0] AndroidManifest.xml:36:25-66
154
155                <category android:name="android.intent.category.DEFAULT" />
155-->[com.google.firebase:firebase-auth:23.0.0] AndroidManifest.xml:38:17-76
155-->[com.google.firebase:firebase-auth:23.0.0] AndroidManifest.xml:38:27-73
156                <category android:name="android.intent.category.BROWSABLE" />
156-->[com.google.firebase:firebase-auth:23.0.0] AndroidManifest.xml:39:17-78
156-->[com.google.firebase:firebase-auth:23.0.0] AndroidManifest.xml:39:27-75
157
158                <data
158-->[com.google.firebase:firebase-auth:23.0.0] AndroidManifest.xml:41:17-44:51
159                    android:host="firebase.auth"
159-->[com.google.firebase:firebase-auth:23.0.0] AndroidManifest.xml:42:21-49
160                    android:path="/"
160-->[com.google.firebase:firebase-auth:23.0.0] AndroidManifest.xml:43:21-37
161                    android:scheme="recaptcha" />
161-->[com.google.firebase:firebase-auth:23.0.0] AndroidManifest.xml:44:21-48
162            </intent-filter>
163        </activity>
164
165        <service
165-->[androidx.credentials:credentials-play-services-auth:1.2.0-rc01] AndroidManifest.xml:24:9-32:19
166            android:name="androidx.credentials.playservices.CredentialProviderMetadataHolder"
166-->[androidx.credentials:credentials-play-services-auth:1.2.0-rc01] AndroidManifest.xml:25:13-94
167            android:enabled="true"
167-->[androidx.credentials:credentials-play-services-auth:1.2.0-rc01] AndroidManifest.xml:26:13-35
168            android:exported="false" >
168-->[androidx.credentials:credentials-play-services-auth:1.2.0-rc01] AndroidManifest.xml:27:13-37
169            <meta-data
169-->[androidx.credentials:credentials-play-services-auth:1.2.0-rc01] AndroidManifest.xml:29:13-31:104
170                android:name="androidx.credentials.CREDENTIAL_PROVIDER_KEY"
170-->[androidx.credentials:credentials-play-services-auth:1.2.0-rc01] AndroidManifest.xml:30:17-76
171                android:value="androidx.credentials.playservices.CredentialProviderPlayServicesImpl" />
171-->[androidx.credentials:credentials-play-services-auth:1.2.0-rc01] AndroidManifest.xml:31:17-101
172        </service>
173
174        <activity
174-->[androidx.credentials:credentials-play-services-auth:1.2.0-rc01] AndroidManifest.xml:34:9-41:20
175            android:name="androidx.credentials.playservices.HiddenActivity"
175-->[androidx.credentials:credentials-play-services-auth:1.2.0-rc01] AndroidManifest.xml:35:13-76
176            android:configChanges="orientation|screenSize|screenLayout|keyboardHidden"
176-->[androidx.credentials:credentials-play-services-auth:1.2.0-rc01] AndroidManifest.xml:36:13-87
177            android:enabled="true"
177-->[androidx.credentials:credentials-play-services-auth:1.2.0-rc01] AndroidManifest.xml:37:13-35
178            android:exported="false"
178-->[androidx.credentials:credentials-play-services-auth:1.2.0-rc01] AndroidManifest.xml:38:13-37
179            android:fitsSystemWindows="true"
179-->[androidx.credentials:credentials-play-services-auth:1.2.0-rc01] AndroidManifest.xml:39:13-45
180            android:theme="@style/Theme.Hidden" >
180-->[androidx.credentials:credentials-play-services-auth:1.2.0-rc01] AndroidManifest.xml:40:13-48
181        </activity>
182
183        <provider
183-->[com.google.firebase:firebase-common:21.0.0] AndroidManifest.xml:23:9-28:39
184            android:name="com.google.firebase.provider.FirebaseInitProvider"
184-->[com.google.firebase:firebase-common:21.0.0] AndroidManifest.xml:24:13-77
185            android:authorities="com.example.nootbook.firebaseinitprovider"
185-->[com.google.firebase:firebase-common:21.0.0] AndroidManifest.xml:25:13-72
186            android:directBootAware="true"
186-->[com.google.firebase:firebase-common:21.0.0] AndroidManifest.xml:26:13-43
187            android:exported="false"
187-->[com.google.firebase:firebase-common:21.0.0] AndroidManifest.xml:27:13-37
188            android:initOrder="100" />
188-->[com.google.firebase:firebase-common:21.0.0] AndroidManifest.xml:28:13-36
189
190        <receiver
190-->[com.google.android.gms:play-services-measurement:22.0.1] AndroidManifest.xml:29:9-33:20
191            android:name="com.google.android.gms.measurement.AppMeasurementReceiver"
191-->[com.google.android.gms:play-services-measurement:22.0.1] AndroidManifest.xml:30:13-85
192            android:enabled="true"
192-->[com.google.android.gms:play-services-measurement:22.0.1] AndroidManifest.xml:31:13-35
193            android:exported="false" >
193-->[com.google.android.gms:play-services-measurement:22.0.1] AndroidManifest.xml:32:13-37
194        </receiver>
195
196        <service
196-->[com.google.android.gms:play-services-measurement:22.0.1] AndroidManifest.xml:35:9-38:40
197            android:name="com.google.android.gms.measurement.AppMeasurementService"
197-->[com.google.android.gms:play-services-measurement:22.0.1] AndroidManifest.xml:36:13-84
198            android:enabled="true"
198-->[com.google.android.gms:play-services-measurement:22.0.1] AndroidManifest.xml:37:13-35
199            android:exported="false" />
199-->[com.google.android.gms:play-services-measurement:22.0.1] AndroidManifest.xml:38:13-37
200        <service
200-->[com.google.android.gms:play-services-measurement:22.0.1] AndroidManifest.xml:39:9-43:72
201            android:name="com.google.android.gms.measurement.AppMeasurementJobService"
201-->[com.google.android.gms:play-services-measurement:22.0.1] AndroidManifest.xml:40:13-87
202            android:enabled="true"
202-->[com.google.android.gms:play-services-measurement:22.0.1] AndroidManifest.xml:41:13-35
203            android:exported="false"
203-->[com.google.android.gms:play-services-measurement:22.0.1] AndroidManifest.xml:42:13-37
204            android:permission="android.permission.BIND_JOB_SERVICE" />
204-->[com.google.android.gms:play-services-measurement:22.0.1] AndroidManifest.xml:43:13-69
205
206        <activity
206-->[com.google.android.gms:play-services-auth:20.7.0] AndroidManifest.xml:23:9-27:75
207            android:name="com.google.android.gms.auth.api.signin.internal.SignInHubActivity"
207-->[com.google.android.gms:play-services-auth:20.7.0] AndroidManifest.xml:24:13-93
208            android:excludeFromRecents="true"
208-->[com.google.android.gms:play-services-auth:20.7.0] AndroidManifest.xml:25:13-46
209            android:exported="false"
209-->[com.google.android.gms:play-services-auth:20.7.0] AndroidManifest.xml:26:13-37
210            android:theme="@android:style/Theme.Translucent.NoTitleBar" />
210-->[com.google.android.gms:play-services-auth:20.7.0] AndroidManifest.xml:27:13-72
211        <!--
212            Service handling Google Sign-In user revocation. For apps that do not integrate with
213            Google Sign-In, this service will never be started.
214        -->
215        <service
215-->[com.google.android.gms:play-services-auth:20.7.0] AndroidManifest.xml:33:9-37:51
216            android:name="com.google.android.gms.auth.api.signin.RevocationBoundService"
216-->[com.google.android.gms:play-services-auth:20.7.0] AndroidManifest.xml:34:13-89
217            android:exported="true"
217-->[com.google.android.gms:play-services-auth:20.7.0] AndroidManifest.xml:35:13-36
218            android:permission="com.google.android.gms.auth.api.signin.permission.REVOCATION_NOTIFICATION"
218-->[com.google.android.gms:play-services-auth:20.7.0] AndroidManifest.xml:36:13-107
219            android:visibleToInstantApps="true" />
219-->[com.google.android.gms:play-services-auth:20.7.0] AndroidManifest.xml:37:13-48
220
221        <activity
221-->[com.google.android.gms:play-services-base:18.1.0] AndroidManifest.xml:20:9-22:45
222            android:name="com.google.android.gms.common.api.GoogleApiActivity"
222-->[com.google.android.gms:play-services-base:18.1.0] AndroidManifest.xml:20:19-85
223            android:exported="false"
223-->[com.google.android.gms:play-services-base:18.1.0] AndroidManifest.xml:22:19-43
224            android:theme="@android:style/Theme.Translucent.NoTitleBar" />
224-->[com.google.android.gms:play-services-base:18.1.0] AndroidManifest.xml:21:19-78
225
226        <uses-library
226-->[androidx.privacysandbox.ads:ads-adservices:1.0.0-beta05] AndroidManifest.xml:23:9-25:40
227            android:name="android.ext.adservices"
227-->[androidx.privacysandbox.ads:ads-adservices:1.0.0-beta05] AndroidManifest.xml:24:13-50
228            android:required="false" />
228-->[androidx.privacysandbox.ads:ads-adservices:1.0.0-beta05] AndroidManifest.xml:25:13-37
229
230        <meta-data
230-->[com.google.android.gms:play-services-basement:18.3.0] AndroidManifest.xml:21:9-23:69
231            android:name="com.google.android.gms.version"
231-->[com.google.android.gms:play-services-basement:18.3.0] AndroidManifest.xml:22:13-58
232            android:value="@integer/google_play_services_version" />
232-->[com.google.android.gms:play-services-basement:18.3.0] AndroidManifest.xml:23:13-66
233
234        <provider
234-->[androidx.emoji2:emoji2:1.2.0] AndroidManifest.xml:24:9-32:20
235            android:name="androidx.startup.InitializationProvider"
235-->[androidx.emoji2:emoji2:1.2.0] AndroidManifest.xml:25:13-67
236            android:authorities="com.example.nootbook.androidx-startup"
236-->[androidx.emoji2:emoji2:1.2.0] AndroidManifest.xml:26:13-68
237            android:exported="false" >
237-->[androidx.emoji2:emoji2:1.2.0] AndroidManifest.xml:27:13-37
238            <meta-data
238-->[androidx.emoji2:emoji2:1.2.0] AndroidManifest.xml:29:13-31:52
239                android:name="androidx.emoji2.text.EmojiCompatInitializer"
239-->[androidx.emoji2:emoji2:1.2.0] AndroidManifest.xml:30:17-75
240                android:value="androidx.startup" />
240-->[androidx.emoji2:emoji2:1.2.0] AndroidManifest.xml:31:17-49
241            <meta-data
241-->[androidx.lifecycle:lifecycle-process:2.4.1] AndroidManifest.xml:31:13-33:52
242                android:name="androidx.lifecycle.ProcessLifecycleInitializer"
242-->[androidx.lifecycle:lifecycle-process:2.4.1] AndroidManifest.xml:32:17-78
243                android:value="androidx.startup" />
243-->[androidx.lifecycle:lifecycle-process:2.4.1] AndroidManifest.xml:33:17-49
244        </provider>
245    </application>
246
247</manifest>